Info: Starting: Create block symbol file (.bsf)
Info: qsys-generate D:\Padhai\Fall2016\NSD\Labs\Lab3\nios_system.qsys --block-symbol-file --output-directory=D:\Padhai\Fall2016\NSD\Labs\Lab3\nios_system --family="Cyclone IV GX" --part=EP4CGX150DF31C7
Progress: Loading Lab3/nios_system.qsys
Progress: Reading input file
Progress: Adding descriptor_memory [altera_avalon_onchip_memory2 15.0]
Progress: Parameterizing module descriptor_memory
Progress: Adding jtag_uart [altera_avalon_jtag_uart 15.0]
Progress: Parameterizing module jtag_uart
Progress: Adding led [altera_avalon_pio 15.0]
Progress: Parameterizing module led
Progress: Adding main_memory [altera_avalon_onchip_memory2 15.0]
Progress: Parameterizing module main_memory
Progress: Adding nios2 [altera_nios2_gen2 15.0]
Progress: Parameterizing module nios2
Progress: Adding sgdma_rx [altera_avalon_sgdma 15.0]
Progress: Parameterizing module sgdma_rx
Progress: Adding sgdma_tx [altera_avalon_sgdma 15.0]
Progress: Parameterizing module sgdma_tx
Progress: Adding switch [altera_avalon_pio 15.0]
Progress: Parameterizing module switch
Progress: Adding sys_clk [clock_source 15.0]
Progress: Parameterizing module sys_clk
Progress: Adding tse [altera_eth_tse 15.0]
Progress: Parameterizing module tse
Progress: Building connections
Progress: Parameterizing connections
Progress: Validating
Progress: Done reading input file
Info: nios_system.switch: PIO inputs are not hardwired in test bench. Undefined values will be read from PIO inputs during simulation.
Warning: nios_system.sgdma_rx.in: sgdma_rx.in must be connected to an Avalon-ST source
Warning: nios_system.sgdma_tx.out: sgdma_tx.out must be connected to an Avalon-ST sink
Warning: nios_system.tse.receive: tse.receive must be connected to an Avalon-ST sink
Warning: nios_system.tse.transmit: tse.transmit must be connected to an Avalon-ST source
Warning: nios_system.tse: tse.mac_misc_connection must be exported, or connected to a matching conduit.
Info: ip-generate succeeded.
Info: Finished: Create block symbol file (.bsf)
Info: 
Info: Starting: Create HDL design files for synthesis
Info: qsys-generate D:\Padhai\Fall2016\NSD\Labs\Lab3\nios_system.qsys --synthesis=VERILOG --output-directory=D:\Padhai\Fall2016\NSD\Labs\Lab3\nios_system\synthesis --family="Cyclone IV GX" --part=EP4CGX150DF31C7
Progress: Loading Lab3/nios_system.qsys
Progress: Reading input file
Progress: Adding descriptor_memory [altera_avalon_onchip_memory2 15.0]
Progress: Parameterizing module descriptor_memory
Progress: Adding jtag_uart [altera_avalon_jtag_uart 15.0]
Progress: Parameterizing module jtag_uart
Progress: Adding led [altera_avalon_pio 15.0]
Progress: Parameterizing module led
Progress: Adding main_memory [altera_avalon_onchip_memory2 15.0]
Progress: Parameterizing module main_memory
Progress: Adding nios2 [altera_nios2_gen2 15.0]
Progress: Parameterizing module nios2
Progress: Adding sgdma_rx [altera_avalon_sgdma 15.0]
Progress: Parameterizing module sgdma_rx
Progress: Adding sgdma_tx [altera_avalon_sgdma 15.0]
Progress: Parameterizing module sgdma_tx
Progress: Adding switch [altera_avalon_pio 15.0]
Progress: Parameterizing module switch
Progress: Adding sys_clk [clock_source 15.0]
Progress: Parameterizing module sys_clk
Progress: Adding tse [altera_eth_tse 15.0]
Progress: Parameterizing module tse
Progress: Building connections
Progress: Parameterizing connections
Progress: Validating
Progress: Done reading input file
Info: nios_system.switch: PIO inputs are not hardwired in test bench. Undefined values will be read from PIO inputs during simulation.
Warning: nios_system.sgdma_rx.in: sgdma_rx.in must be connected to an Avalon-ST source
Warning: nios_system.sgdma_tx.out: sgdma_tx.out must be connected to an Avalon-ST sink
Warning: nios_system.tse.receive: tse.receive must be connected to an Avalon-ST sink
Warning: nios_system.tse.transmit: tse.transmit must be connected to an Avalon-ST source
Warning: nios_system.tse: tse.mac_misc_connection must be exported, or connected to a matching conduit.
Info: nios_system: Generating nios_system "nios_system" for QUARTUS_SYNTH
Info: descriptor_memory: Starting RTL generation for module 'nios_system_descriptor_memory'
Info: descriptor_memory:   Generation command is [exec C:/altera/15.0/quartus/bin64/perl/bin/perl.exe -I C:/altera/15.0/quartus/bin64/perl/lib -I C:/altera/15.0/quartus/sopc_builder/bin/europa -I C:/altera/15.0/quartus/sopc_builder/bin/perl_lib -I C:/altera/15.0/quartus/sopc_builder/bin -I C:/altera/15.0/quartus/../ip/altera/sopc_builder_ip/common -I C:/altera/15.0/quartus/../ip/altera/sopc_builder_ip/altera_avalon_onchip_memory2 -- C:/altera/15.0/quartus/../ip/altera/sopc_builder_ip/altera_avalon_onchip_memory2/generate_rtl.pl --name=nios_system_descriptor_memory --dir=C:/Users/ANVITA~1/AppData/Local/Temp/alt7080_4437103412525357053.dir/0039_descriptor_memory_gen/ --quartus_dir=C:/altera/15.0/quartus --verilog --config=C:/Users/ANVITA~1/AppData/Local/Temp/alt7080_4437103412525357053.dir/0039_descriptor_memory_gen//nios_system_descriptor_memory_component_configuration.pl  --do_build_sim=0  ]
Info: descriptor_memory: Done RTL generation for module 'nios_system_descriptor_memory'
Info: descriptor_memory: "nios_system" instantiated altera_avalon_onchip_memory2 "descriptor_memory"
Info: jtag_uart: Starting RTL generation for module 'nios_system_jtag_uart'
Info: jtag_uart:   Generation command is [exec C:/altera/15.0/quartus/bin64/perl/bin/perl.exe -I C:/altera/15.0/quartus/bin64/perl/lib -I C:/altera/15.0/quartus/sopc_builder/bin/europa -I C:/altera/15.0/quartus/sopc_builder/bin/perl_lib -I C:/altera/15.0/quartus/sopc_builder/bin -I C:/altera/15.0/quartus/../ip/altera/sopc_builder_ip/common -I C:/altera/15.0/quartus/../ip/altera/sopc_builder_ip/altera_avalon_jtag_uart -- C:/altera/15.0/quartus/../ip/altera/sopc_builder_ip/altera_avalon_jtag_uart/generate_rtl.pl --name=nios_system_jtag_uart --dir=C:/Users/ANVITA~1/AppData/Local/Temp/alt7080_4437103412525357053.dir/0040_jtag_uart_gen/ --quartus_dir=C:/altera/15.0/quartus --verilog --config=C:/Users/ANVITA~1/AppData/Local/Temp/alt7080_4437103412525357053.dir/0040_jtag_uart_gen//nios_system_jtag_uart_component_configuration.pl  --do_build_sim=0  ]
Info: jtag_uart: Done RTL generation for module 'nios_system_jtag_uart'
Info: jtag_uart: "nios_system" instantiated altera_avalon_jtag_uart "jtag_uart"
Info: led: Starting RTL generation for module 'nios_system_led'
Info: led:   Generation command is [exec C:/altera/15.0/quartus/bin64/perl/bin/perl.exe -I C:/altera/15.0/quartus/bin64/perl/lib -I C:/altera/15.0/quartus/sopc_builder/bin/europa -I C:/altera/15.0/quartus/sopc_builder/bin/perl_lib -I C:/altera/15.0/quartus/sopc_builder/bin -I C:/altera/15.0/quartus/../ip/altera/sopc_builder_ip/common -I C:/altera/15.0/quartus/../ip/altera/sopc_builder_ip/altera_avalon_pio -- C:/altera/15.0/quartus/../ip/altera/sopc_builder_ip/altera_avalon_pio/generate_rtl.pl --name=nios_system_led --dir=C:/Users/ANVITA~1/AppData/Local/Temp/alt7080_4437103412525357053.dir/0041_led_gen/ --quartus_dir=C:/altera/15.0/quartus --verilog --config=C:/Users/ANVITA~1/AppData/Local/Temp/alt7080_4437103412525357053.dir/0041_led_gen//nios_system_led_component_configuration.pl  --do_build_sim=0  ]
Info: led: Done RTL generation for module 'nios_system_led'
Info: led: "nios_system" instantiated altera_avalon_pio "led"
Info: main_memory: Starting RTL generation for module 'nios_system_main_memory'
Info: main_memory:   Generation command is [exec C:/altera/15.0/quartus/bin64/perl/bin/perl.exe -I C:/altera/15.0/quartus/bin64/perl/lib -I C:/altera/15.0/quartus/sopc_builder/bin/europa -I C:/altera/15.0/quartus/sopc_builder/bin/perl_lib -I C:/altera/15.0/quartus/sopc_builder/bin -I C:/altera/15.0/quartus/../ip/altera/sopc_builder_ip/common -I C:/altera/15.0/quartus/../ip/altera/sopc_builder_ip/altera_avalon_onchip_memory2 -- C:/altera/15.0/quartus/../ip/altera/sopc_builder_ip/altera_avalon_onchip_memory2/generate_rtl.pl --name=nios_system_main_memory --dir=C:/Users/ANVITA~1/AppData/Local/Temp/alt7080_4437103412525357053.dir/0042_main_memory_gen/ --quartus_dir=C:/altera/15.0/quartus --verilog --config=C:/Users/ANVITA~1/AppData/Local/Temp/alt7080_4437103412525357053.dir/0042_main_memory_gen//nios_system_main_memory_component_configuration.pl  --do_build_sim=0  ]
Info: main_memory: Done RTL generation for module 'nios_system_main_memory'
Info: main_memory: "nios_system" instantiated altera_avalon_onchip_memory2 "main_memory"
Info: nios2: "nios_system" instantiated altera_nios2_gen2 "nios2"
Info: sgdma_rx: Starting RTL generation for module 'nios_system_sgdma_rx'
Info: sgdma_rx:   Generation command is [exec C:/altera/15.0/quartus/bin64/perl/bin/perl.exe -I C:/altera/15.0/quartus/bin64/perl/lib -I C:/altera/15.0/quartus/sopc_builder/bin/europa -I C:/altera/15.0/quartus/sopc_builder/bin/perl_lib -I C:/altera/15.0/quartus/sopc_builder/bin -I C:/altera/15.0/quartus/../ip/altera/sopc_builder_ip/common -I C:/altera/15.0/quartus/../ip/altera/sopc_builder_ip/altera_avalon_sgdma -- C:/altera/15.0/quartus/../ip/altera/sopc_builder_ip/altera_avalon_sgdma/generate_rtl.pl --name=nios_system_sgdma_rx --dir=C:/Users/ANVITA~1/AppData/Local/Temp/alt7080_4437103412525357053.dir/0043_sgdma_rx_gen/ --quartus_dir=C:/altera/15.0/quartus --verilog --config=C:/Users/ANVITA~1/AppData/Local/Temp/alt7080_4437103412525357053.dir/0043_sgdma_rx_gen//nios_system_sgdma_rx_component_configuration.pl  --do_build_sim=0  ]
Info: sgdma_rx: Done RTL generation for module 'nios_system_sgdma_rx'
Info: sgdma_rx: "nios_system" instantiated altera_avalon_sgdma "sgdma_rx"
Info: sgdma_tx: Starting RTL generation for module 'nios_system_sgdma_tx'
Info: sgdma_tx:   Generation command is [exec C:/altera/15.0/quartus/bin64/perl/bin/perl.exe -I C:/altera/15.0/quartus/bin64/perl/lib -I C:/altera/15.0/quartus/sopc_builder/bin/europa -I C:/altera/15.0/quartus/sopc_builder/bin/perl_lib -I C:/altera/15.0/quartus/sopc_builder/bin -I C:/altera/15.0/quartus/../ip/altera/sopc_builder_ip/common -I C:/altera/15.0/quartus/../ip/altera/sopc_builder_ip/altera_avalon_sgdma -- C:/altera/15.0/quartus/../ip/altera/sopc_builder_ip/altera_avalon_sgdma/generate_rtl.pl --name=nios_system_sgdma_tx --dir=C:/Users/ANVITA~1/AppData/Local/Temp/alt7080_4437103412525357053.dir/0044_sgdma_tx_gen/ --quartus_dir=C:/altera/15.0/quartus --verilog --config=C:/Users/ANVITA~1/AppData/Local/Temp/alt7080_4437103412525357053.dir/0044_sgdma_tx_gen//nios_system_sgdma_tx_component_configuration.pl  --do_build_sim=0  ]
Info: sgdma_tx: Done RTL generation for module 'nios_system_sgdma_tx'
Info: sgdma_tx: "nios_system" instantiated altera_avalon_sgdma "sgdma_tx"
Info: switch: Starting RTL generation for module 'nios_system_switch'
Info: switch:   Generation command is [exec C:/altera/15.0/quartus/bin64/perl/bin/perl.exe -I C:/altera/15.0/quartus/bin64/perl/lib -I C:/altera/15.0/quartus/sopc_builder/bin/europa -I C:/altera/15.0/quartus/sopc_builder/bin/perl_lib -I C:/altera/15.0/quartus/sopc_builder/bin -I C:/altera/15.0/quartus/../ip/altera/sopc_builder_ip/common -I C:/altera/15.0/quartus/../ip/altera/sopc_builder_ip/altera_avalon_pio -- C:/altera/15.0/quartus/../ip/altera/sopc_builder_ip/altera_avalon_pio/generate_rtl.pl --name=nios_system_switch --dir=C:/Users/ANVITA~1/AppData/Local/Temp/alt7080_4437103412525357053.dir/0045_switch_gen/ --quartus_dir=C:/altera/15.0/quartus --verilog --config=C:/Users/ANVITA~1/AppData/Local/Temp/alt7080_4437103412525357053.dir/0045_switch_gen//nios_system_switch_component_configuration.pl  --do_build_sim=0  ]
Info: switch: Done RTL generation for module 'nios_system_switch'
Info: switch: "nios_system" instantiated altera_avalon_pio "switch"
Info: tse: "nios_system" instantiated altera_eth_tse "tse"
Info: avalon_st_adapter: Inserting error_adapter: error_adapter_0
Info: avalon_st_adapter_001: Inserting error_adapter: error_adapter_0
Info: avalon_st_adapter_002: Inserting error_adapter: error_adapter_0
Info: avalon_st_adapter_003: Inserting error_adapter: error_adapter_0
Info: avalon_st_adapter_004: Inserting error_adapter: error_adapter_0
Info: avalon_st_adapter_005: Inserting error_adapter: error_adapter_0
Info: avalon_st_adapter_006: Inserting error_adapter: error_adapter_0
Info: avalon_st_adapter_007: Inserting error_adapter: error_adapter_0
Info: avalon_st_adapter_008: Inserting error_adapter: error_adapter_0
Info: mm_interconnect_0: "nios_system" instantiated altera_mm_interconnect "mm_interconnect_0"
Info: irq_mapper: "nios_system" instantiated altera_irq_mapper "irq_mapper"
Info: rst_controller: "nios_system" instantiated altera_reset_controller "rst_controller"
Info: cpu: Starting RTL generation for module 'nios_system_nios2_cpu'
Info: cpu:   Generation command is [exec C:/altera/15.0/quartus/bin64/eperlcmd.exe -I C:/altera/15.0/quartus/bin64/perl/lib -I C:/altera/15.0/quartus/sopc_builder/bin/europa -I C:/altera/15.0/quartus/sopc_builder/bin/perl_lib -I C:/altera/15.0/quartus/sopc_builder/bin -I C:/altera/15.0/quartus/../ip/altera/nios2_ip/altera_nios2_gen2/cpu_lib -I C:/altera/15.0/quartus/../ip/altera/nios2_ip/altera_nios2_gen2/nios_lib -I C:/altera/15.0/quartus/../ip/altera/nios2_ip/altera_nios2_gen2 -I C:/altera/15.0/quartus/../ip/altera/nios2_ip/altera_nios2_gen2 -- C:/altera/15.0/quartus/../ip/altera/nios2_ip/altera_nios2_gen2/generate_rtl.epl --name=nios_system_nios2_cpu --dir=C:/Users/ANVITA~1/AppData/Local/Temp/alt7080_4437103412525357053.dir/0048_cpu_gen/ --quartus_bindir=C:/altera/15.0/quartus/bin64 --verilog --config=C:/Users/ANVITA~1/AppData/Local/Temp/alt7080_4437103412525357053.dir/0048_cpu_gen//nios_system_nios2_cpu_processor_configuration.pl  --do_build_sim=0  ]
Info: cpu: # 2016.10.06 16:08:04 (*) Starting Nios II generation
Info: cpu: # 2016.10.06 16:08:04 (*)   Checking for plaintext license.
Info: cpu: # 2016.10.06 16:08:11 (*)   Couldn't query license setup in Quartus directory C:/altera/15.0/quartus/bin64
Info: cpu: # 2016.10.06 16:08:11 (*)   Defaulting to contents of LM_LICENSE_FILE environment variable
Info: cpu: # 2016.10.06 16:08:11 (*)   LM_LICENSE_FILE environment variable is empty
Info: cpu: # 2016.10.06 16:08:11 (*)   Plaintext license not found.
Info: cpu: # 2016.10.06 16:08:11 (*)   Checking for encrypted license (non-evaluation).
Info: cpu: # 2016.10.06 16:08:17 (*)   Couldn't query license setup in Quartus directory C:/altera/15.0/quartus/bin64
Info: cpu: # 2016.10.06 16:08:17 (*)   Defaulting to contents of LM_LICENSE_FILE environment variable
Info: cpu: # 2016.10.06 16:08:17 (*)   LM_LICENSE_FILE environment variable is empty
Info: cpu: # 2016.10.06 16:08:17 (*)   Encrypted license not found.  Defaulting to OCP evaluation license (produces a time-limited SOF)
Info: cpu: # 2016.10.06 16:08:17 (*)   Elaborating CPU configuration settings
Info: cpu: # 2016.10.06 16:08:18 (*)   Creating all objects for CPU
Info: cpu: # 2016.10.06 16:08:18 (*)     Testbench
Info: cpu: # 2016.10.06 16:08:19 (*)     Instruction decoding
Info: cpu: # 2016.10.06 16:08:19 (*)       Instruction fields
Info: cpu: # 2016.10.06 16:08:19 (*)       Instruction decodes
Info: cpu: # 2016.10.06 16:08:21 (*)       Signals for RTL simulation waveforms
Info: cpu: # 2016.10.06 16:08:22 (*)       Instruction controls
Info: cpu: # 2016.10.06 16:08:22 (*)     Pipeline frontend
Info: cpu: # 2016.10.06 16:08:22 (*)     Pipeline backend
Info: cpu: # 2016.10.06 16:08:34 (*)   Generating RTL from CPU objects
Info: cpu: # 2016.10.06 16:08:45 (*)   Creating encrypted RTL
Info: cpu: # 2016.10.06 16:08:48 (*) Done Nios II generation
Info: cpu: Done RTL generation for module 'nios_system_nios2_cpu'
Info: cpu: "nios2" instantiated altera_nios2_gen2_unit "cpu"
Info: i_tse_mac: "tse" instantiated altera_eth_tse_mac "i_tse_mac"
Info: nios2_data_master_translator: "mm_interconnect_0" instantiated altera_merlin_master_translator "nios2_data_master_translator"
Info: jtag_uart_avalon_jtag_slave_translator: "mm_interconnect_0" instantiated altera_merlin_slave_translator "jtag_uart_avalon_jtag_slave_translator"
Info: nios2_data_master_agent: "mm_interconnect_0" instantiated altera_merlin_master_agent "nios2_data_master_agent"
Info: jtag_uart_avalon_jtag_slave_agent: "mm_interconnect_0" instantiated altera_merlin_slave_agent "jtag_uart_avalon_jtag_slave_agent"
Info: jtag_uart_avalon_jtag_slave_agent_rsp_fifo: "mm_interconnect_0" instantiated altera_avalon_sc_fifo "jtag_uart_avalon_jtag_slave_agent_rsp_fifo"
Info: router: "mm_interconnect_0" instantiated altera_merlin_router "router"
Info: router_001: "mm_interconnect_0" instantiated altera_merlin_router "router_001"
Info: router_005: "mm_interconnect_0" instantiated altera_merlin_router "router_005"
Info: router_006: "mm_interconnect_0" instantiated altera_merlin_router "router_006"
Info: router_008: "mm_interconnect_0" instantiated altera_merlin_router "router_008"
Info: router_012: "mm_interconnect_0" instantiated altera_merlin_router "router_012"
Info: router_013: "mm_interconnect_0" instantiated altera_merlin_router "router_013"
Info: router_014: "mm_interconnect_0" instantiated altera_merlin_router "router_014"
Info: nios2_data_master_limiter: "mm_interconnect_0" instantiated altera_merlin_traffic_limiter "nios2_data_master_limiter"
Info: Reusing file D:/Padhai/Fall2016/NSD/Labs/Lab3/nios_system/synthesis/submodules/altera_avalon_sc_fifo.v
Info: cmd_demux: "mm_interconnect_0" instantiated altera_merlin_demultiplexer "cmd_demux"
Info: cmd_demux_001: "mm_interconnect_0" instantiated altera_merlin_demultiplexer "cmd_demux_001"
Info: cmd_demux_005: "mm_interconnect_0" instantiated altera_merlin_demultiplexer "cmd_demux_005"
Info: cmd_mux: "mm_interconnect_0" instantiated altera_merlin_multiplexer "cmd_mux"
Info: cmd_mux_004: "mm_interconnect_0" instantiated altera_merlin_multiplexer "cmd_mux_004"
Info: Reusing file D:/Padhai/Fall2016/NSD/Labs/Lab3/nios_system/synthesis/submodules/altera_merlin_arbitrator.sv
Info: cmd_mux_005: "mm_interconnect_0" instantiated altera_merlin_multiplexer "cmd_mux_005"
Info: Reusing file D:/Padhai/Fall2016/NSD/Labs/Lab3/nios_system/synthesis/submodules/altera_merlin_arbitrator.sv
Info: cmd_mux_006: "mm_interconnect_0" instantiated altera_merlin_multiplexer "cmd_mux_006"
Info: Reusing file D:/Padhai/Fall2016/NSD/Labs/Lab3/nios_system/synthesis/submodules/altera_merlin_arbitrator.sv
Info: rsp_demux_004: "mm_interconnect_0" instantiated altera_merlin_demultiplexer "rsp_demux_004"
Info: rsp_demux_005: "mm_interconnect_0" instantiated altera_merlin_demultiplexer "rsp_demux_005"
Info: rsp_demux_006: "mm_interconnect_0" instantiated altera_merlin_demultiplexer "rsp_demux_006"
Info: rsp_mux: "mm_interconnect_0" instantiated altera_merlin_multiplexer "rsp_mux"
Info: Reusing file D:/Padhai/Fall2016/NSD/Labs/Lab3/nios_system/synthesis/submodules/altera_merlin_arbitrator.sv
Info: rsp_mux_001: "mm_interconnect_0" instantiated altera_merlin_multiplexer "rsp_mux_001"
Info: Reusing file D:/Padhai/Fall2016/NSD/Labs/Lab3/nios_system/synthesis/submodules/altera_merlin_arbitrator.sv
Info: rsp_mux_005: "mm_interconnect_0" instantiated altera_merlin_multiplexer "rsp_mux_005"
Info: Reusing file D:/Padhai/Fall2016/NSD/Labs/Lab3/nios_system/synthesis/submodules/altera_merlin_arbitrator.sv
Info: avalon_st_adapter: "mm_interconnect_0" instantiated altera_avalon_st_adapter "avalon_st_adapter"
Info: error_adapter_0: "avalon_st_adapter" instantiated error_adapter "error_adapter_0"
Info: nios_system: Done "nios_system" with 44 modules, 178 files
Info: ip-generate succeeded.
Info: Finished: Create HDL design files for synthesis
